

Started GET "/" for 127.0.0.1 at 2016-05-29 18:42:52 +0200

ActiveRecord::PendingMigrationError (

Migrations are pending. To resolve this issue, run:

	bin/rake db:migrate RAILS_ENV=development

):
  activerecord (4.1.15) lib/active_record/migration.rb:389:in `check_pending!'
  activerecord (4.1.15) lib/active_record/migration.rb:377:in `call'
  actionpack (4.1.15) lib/action_dispatch/middleware/callbacks.rb:29:in `block in call'
  activesupport (4.1.15) lib/active_support/callbacks.rb:82:in `run_callbacks'
  actionpack (4.1.15) lib/action_dispatch/middleware/callbacks.rb:27:in `call'
  actionpack (4.1.15) lib/action_dispatch/middleware/reloader.rb:73:in `call'
  actionpack (4.1.15) lib/action_dispatch/middleware/remote_ip.rb:76:in `call'
  actionpack (4.1.15) lib/action_dispatch/middleware/debug_exceptions.rb:17:in `call'
  actionpack (4.1.15) lib/action_dispatch/middleware/show_exceptions.rb:30:in `call'
  railties (4.1.15) lib/rails/rack/logger.rb:38:in `call_app'
  railties (4.1.15) lib/rails/rack/logger.rb:20:in `block in call'
  activesupport (4.1.15) lib/active_support/tagged_logging.rb:68:in `block in tagged'
  activesupport (4.1.15) lib/active_support/tagged_logging.rb:26:in `tagged'
  activesupport (4.1.15) lib/active_support/tagged_logging.rb:68:in `tagged'
  railties (4.1.15) lib/rails/rack/logger.rb:20:in `call'
  actionpack (4.1.15) lib/action_dispatch/middleware/request_id.rb:21:in `call'
  rack (1.5.5) lib/rack/methodoverride.rb:21:in `call'
  rack (1.5.5) lib/rack/runtime.rb:17:in `call'
  activesupport (4.1.15) lib/active_support/cache/strategy/local_cache_middleware.rb:26:in `call'
  rack (1.5.5) lib/rack/lock.rb:17:in `call'
  actionpack (4.1.15) lib/action_dispatch/middleware/static.rb:84:in `call'
  rack (1.5.5) lib/rack/sendfile.rb:112:in `call'
  railties (4.1.15) lib/rails/engine.rb:514:in `call'
  railties (4.1.15) lib/rails/application.rb:144:in `call'
  rack (1.5.5) lib/rack/lock.rb:17:in `call'
  rack (1.5.5) lib/rack/content_length.rb:14:in `call'
  rack (1.5.5) lib/rack/handler/webrick.rb:60:in `service'
  /home/pbrych/.rvm/rubies/ruby-2.3.0/lib/ruby/2.3.0/webrick/httpserver.rb:140:in `service'
  /home/pbrych/.rvm/rubies/ruby-2.3.0/lib/ruby/2.3.0/webrick/httpserver.rb:96:in `run'
  /home/pbrych/.rvm/rubies/ruby-2.3.0/lib/ruby/2.3.0/webrick/server.rb:296:in `block in start_thread'


  Rendered /home/pbrych/.rvm/gems/ruby-2.3.0/gems/actionpack-4.1.15/lib/action_dispatch/middleware/templates/rescues/_source.erb (0.6ms)
  Rendered /home/pbrych/.rvm/gems/ruby-2.3.0/gems/actionpack-4.1.15/lib/action_dispatch/middleware/templates/rescues/_trace.html.erb (0.9ms)
  Rendered /home/pbrych/.rvm/gems/ruby-2.3.0/gems/actionpack-4.1.15/lib/action_dispatch/middleware/templates/rescues/_request_and_response.html.erb (0.9ms)
  Rendered /home/pbrych/.rvm/gems/ruby-2.3.0/gems/actionpack-4.1.15/lib/action_dispatch/middleware/templates/rescues/diagnostics.erb within rescues/layout (16.1ms)
  [1m[36m (60.2ms)[0m  [1mCREATE TABLE "schema_migrations" ("version" varchar(255) NOT NULL) [0m
  [1m[35m (0.2ms)[0m  select sqlite_version(*)
  [1m[36m (11.0ms)[0m  [1mCREATE UNIQUE INDEX "unique_schema_migrations" ON "schema_migrations" ("version")[0m
  [1m[35mActiveRecord::SchemaMigration Load (0.2ms)[0m  SELECT "schema_migrations".* FROM "schema_migrations"
Migrating to CreateProjects (20160524121626)
  [1m[36m (0.1ms)[0m  [1mbegin transaction[0m
  [1m[35m (0.5ms)[0m  CREATE TABLE "projects" ("id" INTEGER PRIMARY KEY AUTOINCREMENT NOT NULL, "name" varchar(255), "due_date" date, "created_at" datetime, "updated_at" datetime) 
  [1m[36mSQL (0.2ms)[0m  [1mINSERT INTO "schema_migrations" ("version") VALUES (?)[0m  [["version", "20160524121626"]]
  [1m[35m (10.8ms)[0m  commit transaction
Migrating to CreateTasks (20160524121714)
  [1m[36m (0.1ms)[0m  [1mbegin transaction[0m
  [1m[35m (0.4ms)[0m  CREATE TABLE "tasks" ("id" INTEGER PRIMARY KEY AUTOINCREMENT NOT NULL, "project_id" integer, "title" varchar(255), "size" integer, "completed_at" datetime, "created_at" datetime, "updated_at" datetime) 
  [1m[36m (0.2ms)[0m  [1mCREATE  INDEX "index_tasks_on_project_id" ON "tasks" ("project_id")[0m
  [1m[35mSQL (0.2ms)[0m  INSERT INTO "schema_migrations" ("version") VALUES (?)  [["version", "20160524121714"]]
  [1m[36m (10.3ms)[0m  [1mcommit transaction[0m
  [1m[35mActiveRecord::SchemaMigration Load (0.2ms)[0m  SELECT "schema_migrations".* FROM "schema_migrations"
  [1m[36m (0.2ms)[0m  [1m            SELECT sql
            FROM sqlite_master
            WHERE name='index_tasks_on_project_id' AND type='index'
            UNION ALL
            SELECT sql
            FROM sqlite_temp_master
            WHERE name='index_tasks_on_project_id' AND type='index'
[0m
  [1m[36m (63.2ms)[0m  [1mCREATE TABLE "projects" ("id" INTEGER PRIMARY KEY AUTOINCREMENT NOT NULL, "name" varchar(255), "due_date" date, "created_at" datetime, "updated_at" datetime) [0m
  [1m[35m (11.2ms)[0m  CREATE TABLE "tasks" ("id" INTEGER PRIMARY KEY AUTOINCREMENT NOT NULL, "project_id" integer, "title" varchar(255), "size" integer, "completed_at" datetime, "created_at" datetime, "updated_at" datetime) 
  [1m[36m (0.2ms)[0m  [1mselect sqlite_version(*)[0m
  [1m[35m (10.8ms)[0m  CREATE  INDEX "index_tasks_on_project_id" ON "tasks" ("project_id")
  [1m[36m (11.5ms)[0m  [1mCREATE TABLE "schema_migrations" ("version" varchar(255) NOT NULL) [0m
  [1m[35m (10.6ms)[0m  CREATE UNIQUE INDEX "unique_schema_migrations" ON "schema_migrations" ("version")
  [1m[36m (0.2ms)[0m  [1mSELECT version FROM "schema_migrations"[0m
  [1m[35m (9.2ms)[0m  INSERT INTO "schema_migrations" (version) VALUES ('20160524121714')
  [1m[36m (10.9ms)[0m  [1mINSERT INTO "schema_migrations" (version) VALUES ('20160524121626')[0m


Started GET "/" for 127.0.0.1 at 2016-05-29 18:43:48 +0200
  [1m[36mActiveRecord::SchemaMigration Load (0.1ms)[0m  [1mSELECT "schema_migrations".* FROM "schema_migrations"[0m
Processing by Rails::WelcomeController#index as HTML
  Rendered /home/pbrych/.rvm/gems/ruby-2.3.0/gems/railties-4.1.15/lib/rails/templates/rails/welcome/index.html.erb (1.2ms)
Completed 200 OK in 12ms (Views: 4.9ms | ActiveRecord: 0.0ms)


Started GET "/index" for 127.0.0.1 at 2016-05-29 18:43:55 +0200

ActionController::RoutingError (No route matches [GET] "/index"):
  actionpack (4.1.15) lib/action_dispatch/middleware/debug_exceptions.rb:21:in `call'
  actionpack (4.1.15) lib/action_dispatch/middleware/show_exceptions.rb:30:in `call'
  railties (4.1.15) lib/rails/rack/logger.rb:38:in `call_app'
  railties (4.1.15) lib/rails/rack/logger.rb:20:in `block in call'
  activesupport (4.1.15) lib/active_support/tagged_logging.rb:68:in `block in tagged'
  activesupport (4.1.15) lib/active_support/tagged_logging.rb:26:in `tagged'
  activesupport (4.1.15) lib/active_support/tagged_logging.rb:68:in `tagged'
  railties (4.1.15) lib/rails/rack/logger.rb:20:in `call'
  actionpack (4.1.15) lib/action_dispatch/middleware/request_id.rb:21:in `call'
  rack (1.5.5) lib/rack/methodoverride.rb:21:in `call'
  rack (1.5.5) lib/rack/runtime.rb:17:in `call'
  activesupport (4.1.15) lib/active_support/cache/strategy/local_cache_middleware.rb:26:in `call'
  rack (1.5.5) lib/rack/lock.rb:17:in `call'
  actionpack (4.1.15) lib/action_dispatch/middleware/static.rb:84:in `call'
  rack (1.5.5) lib/rack/sendfile.rb:112:in `call'
  railties (4.1.15) lib/rails/engine.rb:514:in `call'
  railties (4.1.15) lib/rails/application.rb:144:in `call'
  rack (1.5.5) lib/rack/lock.rb:17:in `call'
  rack (1.5.5) lib/rack/content_length.rb:14:in `call'
  rack (1.5.5) lib/rack/handler/webrick.rb:60:in `service'
  /home/pbrych/.rvm/rubies/ruby-2.3.0/lib/ruby/2.3.0/webrick/httpserver.rb:140:in `service'
  /home/pbrych/.rvm/rubies/ruby-2.3.0/lib/ruby/2.3.0/webrick/httpserver.rb:96:in `run'
  /home/pbrych/.rvm/rubies/ruby-2.3.0/lib/ruby/2.3.0/webrick/server.rb:296:in `block in start_thread'


  Rendered /home/pbrych/.rvm/gems/ruby-2.3.0/gems/actionpack-4.1.15/lib/action_dispatch/middleware/templates/rescues/_trace.html.erb (1.9ms)
  Rendered /home/pbrych/.rvm/gems/ruby-2.3.0/gems/actionpack-4.1.15/lib/action_dispatch/middleware/templates/routes/_route.html.erb (3.1ms)
  Rendered /home/pbrych/.rvm/gems/ruby-2.3.0/gems/actionpack-4.1.15/lib/action_dispatch/middleware/templates/routes/_table.html.erb (7.6ms)
  Rendered /home/pbrych/.rvm/gems/ruby-2.3.0/gems/actionpack-4.1.15/lib/action_dispatch/middleware/templates/rescues/routing_error.html.erb within rescues/layout (39.8ms)


Started GET "/projects" for 127.0.0.1 at 2016-05-29 18:44:03 +0200
Processing by ProjectsController#index as HTML
  [1m[35mProject Load (0.3ms)[0m  SELECT "projects".* FROM "projects"
  Rendered projects/index.html.erb within layouts/application (2.0ms)
Completed 200 OK in 716ms (Views: 707.5ms | ActiveRecord: 0.3ms)


Started GET "/assets/projects.css?body=1" for 127.0.0.1 at 2016-05-29 18:44:04 +0200


Started GET "/assets/turbolinks.js?body=1" for 127.0.0.1 at 2016-05-29 18:44:04 +0200


Started GET "/assets/tasks.css?body=1" for 127.0.0.1 at 2016-05-29 18:44:04 +0200


Started GET "/assets/jquery_ujs.js?body=1" for 127.0.0.1 at 2016-05-29 18:44:04 +0200


Started GET "/assets/projects.js?body=1" for 127.0.0.1 at 2016-05-29 18:44:04 +0200


Started GET "/assets/application.css?body=1" for 127.0.0.1 at 2016-05-29 18:44:04 +0200


Started GET "/assets/tasks.js?body=1" for 127.0.0.1 at 2016-05-29 18:44:04 +0200


Started GET "/assets/jquery.js?body=1" for 127.0.0.1 at 2016-05-29 18:44:04 +0200


Started GET "/assets/application.js?body=1" for 127.0.0.1 at 2016-05-29 18:44:04 +0200


Started GET "/tasks" for 127.0.0.1 at 2016-05-29 18:44:10 +0200

AbstractController::ActionNotFound (The action 'index' could not be found for TasksController):
  actionpack (4.1.15) lib/abstract_controller/base.rb:131:in `process'
  actionview (4.1.15) lib/action_view/rendering.rb:30:in `process'
  actionpack (4.1.15) lib/action_controller/metal.rb:196:in `dispatch'
  actionpack (4.1.15) lib/action_controller/metal/rack_delegation.rb:13:in `dispatch'
  actionpack (4.1.15) lib/action_controller/metal.rb:232:in `block in action'
  actionpack (4.1.15) lib/action_dispatch/routing/route_set.rb:80:in `dispatch'
  actionpack (4.1.15) lib/action_dispatch/routing/route_set.rb:48:in `call'
  actionpack (4.1.15) lib/action_dispatch/journey/router.rb:73:in `block in call'
  actionpack (4.1.15) lib/action_dispatch/journey/router.rb:59:in `each'
  actionpack (4.1.15) lib/action_dispatch/journey/router.rb:59:in `call'
  actionpack (4.1.15) lib/action_dispatch/routing/route_set.rb:690:in `call'
  rack (1.5.5) lib/rack/etag.rb:23:in `call'
  rack (1.5.5) lib/rack/conditionalget.rb:25:in `call'
  rack (1.5.5) lib/rack/head.rb:11:in `call'
  actionpack (4.1.15) lib/action_dispatch/middleware/params_parser.rb:27:in `call'
  actionpack (4.1.15) lib/action_dispatch/middleware/flash.rb:254:in `call'
  rack (1.5.5) lib/rack/session/abstract/id.rb:225:in `context'
  rack (1.5.5) lib/rack/session/abstract/id.rb:220:in `call'
  actionpack (4.1.15) lib/action_dispatch/middleware/cookies.rb:562:in `call'
  activerecord (4.1.15) lib/active_record/query_cache.rb:36:in `call'
  activerecord (4.1.15) lib/active_record/connection_adapters/abstract/connection_pool.rb:621:in `call'
  activerecord (4.1.15) lib/active_record/migration.rb:380:in `call'
  actionpack (4.1.15) lib/action_dispatch/middleware/callbacks.rb:29:in `block in call'
  activesupport (4.1.15) lib/active_support/callbacks.rb:82:in `run_callbacks'
  actionpack (4.1.15) lib/action_dispatch/middleware/callbacks.rb:27:in `call'
  actionpack (4.1.15) lib/action_dispatch/middleware/reloader.rb:73:in `call'
  actionpack (4.1.15) lib/action_dispatch/middleware/remote_ip.rb:76:in `call'
  actionpack (4.1.15) lib/action_dispatch/middleware/debug_exceptions.rb:17:in `call'
  actionpack (4.1.15) lib/action_dispatch/middleware/show_exceptions.rb:30:in `call'
  railties (4.1.15) lib/rails/rack/logger.rb:38:in `call_app'
  railties (4.1.15) lib/rails/rack/logger.rb:20:in `block in call'
  activesupport (4.1.15) lib/active_support/tagged_logging.rb:68:in `block in tagged'
  activesupport (4.1.15) lib/active_support/tagged_logging.rb:26:in `tagged'
  activesupport (4.1.15) lib/active_support/tagged_logging.rb:68:in `tagged'
  railties (4.1.15) lib/rails/rack/logger.rb:20:in `call'
  actionpack (4.1.15) lib/action_dispatch/middleware/request_id.rb:21:in `call'
  rack (1.5.5) lib/rack/methodoverride.rb:21:in `call'
  rack (1.5.5) lib/rack/runtime.rb:17:in `call'
  activesupport (4.1.15) lib/active_support/cache/strategy/local_cache_middleware.rb:26:in `call'
  rack (1.5.5) lib/rack/lock.rb:17:in `call'
  actionpack (4.1.15) lib/action_dispatch/middleware/static.rb:84:in `call'
  rack (1.5.5) lib/rack/sendfile.rb:112:in `call'
  railties (4.1.15) lib/rails/engine.rb:514:in `call'
  railties (4.1.15) lib/rails/application.rb:144:in `call'
  rack (1.5.5) lib/rack/lock.rb:17:in `call'
  rack (1.5.5) lib/rack/content_length.rb:14:in `call'
  rack (1.5.5) lib/rack/handler/webrick.rb:60:in `service'
  /home/pbrych/.rvm/rubies/ruby-2.3.0/lib/ruby/2.3.0/webrick/httpserver.rb:140:in `service'
  /home/pbrych/.rvm/rubies/ruby-2.3.0/lib/ruby/2.3.0/webrick/httpserver.rb:96:in `run'
  /home/pbrych/.rvm/rubies/ruby-2.3.0/lib/ruby/2.3.0/webrick/server.rb:296:in `block in start_thread'


  Rendered /home/pbrych/.rvm/gems/ruby-2.3.0/gems/actionpack-4.1.15/lib/action_dispatch/middleware/templates/rescues/unknown_action.html.erb within rescues/layout (0.6ms)


Started GET "/projects" for 127.0.0.1 at 2016-05-29 18:44:17 +0200
Processing by ProjectsController#index as HTML
  [1m[36mProject Load (0.2ms)[0m  [1mSELECT "projects".* FROM "projects"[0m
  Rendered projects/index.html.erb within layouts/application (0.9ms)
Completed 200 OK in 50ms (Views: 49.2ms | ActiveRecord: 0.2ms)


Started GET "/projects/new" for 127.0.0.1 at 2016-05-29 18:44:24 +0200
Processing by ProjectsController#new as HTML
  Rendered projects/new.html.erb within layouts/application (28.2ms)
Completed 200 OK in 89ms (Views: 86.5ms | ActiveRecord: 0.6ms)


Started POST "/projects" for 127.0.0.1 at 2016-05-29 18:44:42 +0200
Processing by ProjectsController#create as HTML
  Parameters: {"utf8"=>"✓", "authenticity_token"=>"xO6qR12J/bTCQ0dfqmm4OZ4Mb/IljeB+jAKC8MyRx6Y=", "project"=>{"name"=>"Brush my teeth", "tasks"=>"fast!"}, "commit"=>"Create Project"}
  [1m[35m (0.2ms)[0m  begin transaction
  [1m[36mSQL (0.4ms)[0m  [1mINSERT INTO "projects" ("created_at", "name", "updated_at") VALUES (?, ?, ?)[0m  [["created_at", "2016-05-29 16:44:42.957847"], ["name", "Brush my teeth"], ["updated_at", "2016-05-29 16:44:42.957847"]]
  [1m[35mSQL (0.2ms)[0m  INSERT INTO "tasks" ("created_at", "project_id", "size", "title", "updated_at") VALUES (?, ?, ?, ?, ?)  [["created_at", "2016-05-29 16:44:42.962257"], ["project_id", 1], ["size", 1], ["title", "fast!"], ["updated_at", "2016-05-29 16:44:42.962257"]]
  [1m[36m (24.0ms)[0m  [1mcommit transaction[0m
Redirected to http://localhost:3000/projects
Completed 302 Found in 65ms (ActiveRecord: 25.5ms)


Started GET "/projects" for 127.0.0.1 at 2016-05-29 18:44:42 +0200
Processing by ProjectsController#index as HTML
  [1m[35mProject Load (0.3ms)[0m  SELECT "projects".* FROM "projects"
  [1m[36mTask Load (0.2ms)[0m  [1mSELECT "tasks".* FROM "tasks"  WHERE "tasks"."project_id" = ?[0m  [["project_id", 1]]
  Rendered projects/index.html.erb within layouts/application (3.6ms)
Completed 200 OK in 68ms (Views: 66.9ms | ActiveRecord: 0.5ms)


Started GET "/projects/new" for 127.0.0.1 at 2016-05-29 18:44:48 +0200
Processing by ProjectsController#new as HTML
  Rendered projects/new.html.erb within layouts/application (3.7ms)
Completed 200 OK in 61ms (Views: 59.6ms | ActiveRecord: 0.0ms)


Started POST "/projects" for 127.0.0.1 at 2016-05-29 18:45:05 +0200
Processing by ProjectsController#create as HTML
  Parameters: {"utf8"=>"✓", "authenticity_token"=>"xO6qR12J/bTCQ0dfqmm4OZ4Mb/IljeB+jAKC8MyRx6Y=", "project"=>{"name"=>"Go running", "tasks"=>"Running 'n running:4"}, "commit"=>"Create Project"}
  [1m[35m (0.1ms)[0m  begin transaction
  [1m[36mSQL (0.3ms)[0m  [1mINSERT INTO "projects" ("created_at", "name", "updated_at") VALUES (?, ?, ?)[0m  [["created_at", "2016-05-29 16:45:05.912123"], ["name", "Go running"], ["updated_at", "2016-05-29 16:45:05.912123"]]
  [1m[35mSQL (0.2ms)[0m  INSERT INTO "tasks" ("created_at", "project_id", "size", "title", "updated_at") VALUES (?, ?, ?, ?, ?)  [["created_at", "2016-05-29 16:45:05.914227"], ["project_id", 2], ["size", 4], ["title", "Running 'n running"], ["updated_at", "2016-05-29 16:45:05.914227"]]
  [1m[36m (34.8ms)[0m  [1mcommit transaction[0m
Redirected to http://localhost:3000/projects
Completed 302 Found in 42ms (ActiveRecord: 35.4ms)


Started GET "/projects" for 127.0.0.1 at 2016-05-29 18:45:05 +0200
Processing by ProjectsController#index as HTML
  [1m[35mProject Load (0.3ms)[0m  SELECT "projects".* FROM "projects"
  [1m[36mTask Load (0.1ms)[0m  [1mSELECT "tasks".* FROM "tasks"  WHERE "tasks"."project_id" = ?[0m  [["project_id", 1]]
  [1m[35mTask Load (0.1ms)[0m  SELECT "tasks".* FROM "tasks"  WHERE "tasks"."project_id" = ?  [["project_id", 2]]
  Rendered projects/index.html.erb within layouts/application (3.3ms)
Completed 200 OK in 48ms (Views: 46.6ms | ActiveRecord: 0.5ms)
  [1m[36mProject Load (1.6ms)[0m  [1mSELECT "projects".* FROM "projects"[0m
  [1m[35mProject Load (0.4ms)[0m  SELECT  "projects".* FROM "projects"   ORDER BY "projects"."id" ASC LIMIT 1
  [1m[36mTask Load (0.3ms)[0m  [1mSELECT "tasks".* FROM "tasks"[0m
  [1m[35mTask Load (0.4ms)[0m  SELECT  "tasks".* FROM "tasks"   ORDER BY "tasks"."id" ASC LIMIT 1000
  [1m[36mTask Load (0.4ms)[0m  [1mSELECT "tasks".* FROM "tasks"[0m
  [1m[35mTask Load (0.4ms)[0m  SELECT "tasks".* FROM "tasks"
  [1m[36mTask Load (0.3ms)[0m  [1mSELECT "tasks".* FROM "tasks"[0m
  [1m[35m (0.2ms)[0m  begin transaction
  [1m[36mSQL (0.6ms)[0m  [1mUPDATE "tasks" SET "completed_at" = ?, "updated_at" = ? WHERE "tasks"."id" = 1[0m  [["completed_at", "2016-05-29 16:51:33.555619"], ["updated_at", "2016-05-29 16:51:33.559843"]]
  [1m[35m (34.4ms)[0m  commit transaction
  [1m[36m (0.1ms)[0m  [1mbegin transaction[0m
  [1m[35mSQL (0.3ms)[0m  UPDATE "tasks" SET "completed_at" = ?, "updated_at" = ? WHERE "tasks"."id" = 2  [["completed_at", "2016-05-29 16:51:33.600613"], ["updated_at", "2016-05-29 16:51:33.601347"]]
  [1m[36m (11.0ms)[0m  [1mcommit transaction[0m
  [1m[35mTask Load (0.3ms)[0m  SELECT "tasks".* FROM "tasks"
  [1m[36mProject Load (0.4ms)[0m  [1mSELECT "projects".* FROM "projects"[0m


Started GET "/projects/new" for 127.0.0.1 at 2016-05-29 18:52:16 +0200
Processing by ProjectsController#new as HTML
  Rendered projects/new.html.erb within layouts/application (2.0ms)
Completed 200 OK in 44ms (Views: 42.4ms | ActiveRecord: 0.0ms)


Started GET "/assets/tasks.css?body=1" for 127.0.0.1 at 2016-05-29 18:52:16 +0200


Started GET "/assets/jquery.js?body=1" for 127.0.0.1 at 2016-05-29 18:52:16 +0200


Started GET "/assets/jquery_ujs.js?body=1" for 127.0.0.1 at 2016-05-29 18:52:16 +0200


Started GET "/assets/turbolinks.js?body=1" for 127.0.0.1 at 2016-05-29 18:52:16 +0200


Started GET "/assets/projects.css?body=1" for 127.0.0.1 at 2016-05-29 18:52:16 +0200


Started GET "/assets/application.css?body=1" for 127.0.0.1 at 2016-05-29 18:52:16 +0200


Started GET "/assets/projects.js?body=1" for 127.0.0.1 at 2016-05-29 18:52:16 +0200


Started GET "/assets/tasks.js?body=1" for 127.0.0.1 at 2016-05-29 18:52:16 +0200


Started GET "/assets/application.js?body=1" for 127.0.0.1 at 2016-05-29 18:52:16 +0200


Started POST "/projects" for 127.0.0.1 at 2016-05-29 18:52:40 +0200
Processing by ProjectsController#create as HTML
  Parameters: {"utf8"=>"✓", "authenticity_token"=>"xO6qR12J/bTCQ0dfqmm4OZ4Mb/IljeB+jAKC8MyRx6Y=", "project"=>{"name"=>"Coding", "tasks"=>"Read a book:4\r\nStart a job: 4"}, "commit"=>"Create Project"}
  [1m[36m (0.2ms)[0m  [1mbegin transaction[0m
  [1m[35mSQL (0.3ms)[0m  INSERT INTO "projects" ("created_at", "name", "updated_at") VALUES (?, ?, ?)  [["created_at", "2016-05-29 16:52:40.700700"], ["name", "Coding"], ["updated_at", "2016-05-29 16:52:40.700700"]]
  [1m[36mSQL (0.3ms)[0m  [1mINSERT INTO "tasks" ("created_at", "project_id", "size", "title", "updated_at") VALUES (?, ?, ?, ?, ?)[0m  [["created_at", "2016-05-29 16:52:40.702659"], ["project_id", 3], ["size", 4], ["title", "Read a book"], ["updated_at", "2016-05-29 16:52:40.702659"]]
  [1m[35mSQL (0.2ms)[0m  INSERT INTO "tasks" ("created_at", "project_id", "size", "title", "updated_at") VALUES (?, ?, ?, ?, ?)  [["created_at", "2016-05-29 16:52:40.705605"], ["project_id", 3], ["size", 4], ["title", "Start a job"], ["updated_at", "2016-05-29 16:52:40.705605"]]
  [1m[36m (11.1ms)[0m  [1mcommit transaction[0m
Redirected to http://localhost:3000/projects
Completed 302 Found in 22ms (ActiveRecord: 12.1ms)


Started GET "/projects" for 127.0.0.1 at 2016-05-29 18:52:40 +0200
Processing by ProjectsController#index as HTML
  [1m[35mProject Load (0.3ms)[0m  SELECT "projects".* FROM "projects"
  [1m[36mTask Load (0.2ms)[0m  [1mSELECT "tasks".* FROM "tasks"  WHERE "tasks"."project_id" = ?[0m  [["project_id", 1]]
  [1m[35mTask Load (0.1ms)[0m  SELECT "tasks".* FROM "tasks"  WHERE "tasks"."project_id" = ?  [["project_id", 2]]
  [1m[36mTask Load (0.2ms)[0m  [1mSELECT "tasks".* FROM "tasks"  WHERE "tasks"."project_id" = ?[0m  [["project_id", 3]]
  Rendered projects/index.html.erb within layouts/application (5.9ms)
Completed 200 OK in 56ms (Views: 54.2ms | ActiveRecord: 0.7ms)


Started GET "/assets/projects.css?body=1" for 127.0.0.1 at 2016-05-29 18:52:40 +0200


Started GET "/assets/jquery.js?body=1" for 127.0.0.1 at 2016-05-29 18:52:40 +0200


Started GET "/assets/jquery_ujs.js?body=1" for 127.0.0.1 at 2016-05-29 18:52:40 +0200


Started GET "/assets/tasks.css?body=1" for 127.0.0.1 at 2016-05-29 18:52:40 +0200


Started GET "/assets/turbolinks.js?body=1" for 127.0.0.1 at 2016-05-29 18:52:40 +0200


Started GET "/assets/application.css?body=1" for 127.0.0.1 at 2016-05-29 18:52:40 +0200


Started GET "/assets/projects.js?body=1" for 127.0.0.1 at 2016-05-29 18:52:40 +0200


Started GET "/assets/tasks.js?body=1" for 127.0.0.1 at 2016-05-29 18:52:40 +0200


Started GET "/assets/application.js?body=1" for 127.0.0.1 at 2016-05-29 18:52:40 +0200
  [1m[35mProject Load (0.5ms)[0m  SELECT  "projects".* FROM "projects"   ORDER BY "projects"."id" ASC LIMIT 1 OFFSET 2
  [1m[36mProject Load (0.4ms)[0m  [1mSELECT  "projects".* FROM "projects"   ORDER BY "projects"."id" ASC LIMIT 1 OFFSET 2[0m
  [1m[35mProject Load (0.4ms)[0m  SELECT  "projects".* FROM "projects"   ORDER BY "projects"."id" ASC LIMIT 1 OFFSET 2
  [1m[36m (0.2ms)[0m  [1mbegin transaction[0m
  [1m[35mSQL (0.4ms)[0m  UPDATE "projects" SET "due_date" = ?, "updated_at" = ? WHERE "projects"."id" = 3  [["due_date", "2016-06-29"], ["updated_at", "2016-05-29 16:53:36.273381"]]
  [1m[36m (87.6ms)[0m  [1mcommit transaction[0m
  [1m[35mProject Load (0.3ms)[0m  SELECT  "projects".* FROM "projects"   ORDER BY "projects"."id" ASC LIMIT 1 OFFSET 2


Started GET "/projects" for 127.0.0.1 at 2016-05-29 18:53:46 +0200
Processing by ProjectsController#index as HTML
  [1m[35mProject Load (0.2ms)[0m  SELECT "projects".* FROM "projects"
  [1m[36mTask Load (0.1ms)[0m  [1mSELECT "tasks".* FROM "tasks"  WHERE "tasks"."project_id" = ?[0m  [["project_id", 1]]
  [1m[35mTask Load (0.1ms)[0m  SELECT "tasks".* FROM "tasks"  WHERE "tasks"."project_id" = ?  [["project_id", 2]]
  [1m[36mTask Load (0.1ms)[0m  [1mSELECT "tasks".* FROM "tasks"  WHERE "tasks"."project_id" = ?[0m  [["project_id", 3]]
  Rendered projects/index.html.erb within layouts/application (3.5ms)
Completed 200 OK in 35ms (Views: 34.5ms | ActiveRecord: 0.5ms)


Started GET "/assets/projects.css?body=1" for 127.0.0.1 at 2016-05-29 18:53:46 +0200


Started GET "/assets/tasks.css?body=1" for 127.0.0.1 at 2016-05-29 18:53:46 +0200


Started GET "/assets/application.css?body=1" for 127.0.0.1 at 2016-05-29 18:53:46 +0200


Started GET "/assets/jquery.js?body=1" for 127.0.0.1 at 2016-05-29 18:53:46 +0200


Started GET "/assets/turbolinks.js?body=1" for 127.0.0.1 at 2016-05-29 18:53:46 +0200


Started GET "/assets/jquery_ujs.js?body=1" for 127.0.0.1 at 2016-05-29 18:53:46 +0200


Started GET "/assets/projects.js?body=1" for 127.0.0.1 at 2016-05-29 18:53:46 +0200


Started GET "/assets/tasks.js?body=1" for 127.0.0.1 at 2016-05-29 18:53:46 +0200


Started GET "/assets/application.js?body=1" for 127.0.0.1 at 2016-05-29 18:53:46 +0200


Started GET "/projects" for 127.0.0.1 at 2016-05-29 18:53:49 +0200
Processing by ProjectsController#index as HTML
  [1m[35mProject Load (0.3ms)[0m  SELECT "projects".* FROM "projects"
  [1m[36mTask Load (0.1ms)[0m  [1mSELECT "tasks".* FROM "tasks"  WHERE "tasks"."project_id" = ?[0m  [["project_id", 1]]
  [1m[35mTask Load (0.2ms)[0m  SELECT "tasks".* FROM "tasks"  WHERE "tasks"."project_id" = ?  [["project_id", 2]]
  [1m[36mTask Load (0.1ms)[0m  [1mSELECT "tasks".* FROM "tasks"  WHERE "tasks"."project_id" = ?[0m  [["project_id", 3]]
  Rendered projects/index.html.erb within layouts/application (7.2ms)
Completed 200 OK in 43ms (Views: 41.3ms | ActiveRecord: 0.7ms)


Started GET "/assets/projects.css?body=1" for 127.0.0.1 at 2016-05-29 18:53:49 +0200


Started GET "/assets/application.css?body=1" for 127.0.0.1 at 2016-05-29 18:53:49 +0200


Started GET "/assets/tasks.css?body=1" for 127.0.0.1 at 2016-05-29 18:53:49 +0200


Started GET "/assets/jquery.js?body=1" for 127.0.0.1 at 2016-05-29 18:53:49 +0200


Started GET "/assets/turbolinks.js?body=1" for 127.0.0.1 at 2016-05-29 18:53:49 +0200


Started GET "/assets/projects.js?body=1" for 127.0.0.1 at 2016-05-29 18:53:49 +0200


Started GET "/assets/jquery_ujs.js?body=1" for 127.0.0.1 at 2016-05-29 18:53:49 +0200


Started GET "/assets/tasks.js?body=1" for 127.0.0.1 at 2016-05-29 18:53:49 +0200


Started GET "/assets/application.js?body=1" for 127.0.0.1 at 2016-05-29 18:53:49 +0200


Started GET "/projects/new" for 127.0.0.1 at 2016-05-29 18:54:00 +0200
Processing by ProjectsController#new as HTML
  Rendered projects/new.html.erb within layouts/application (2.5ms)
Completed 200 OK in 52ms (Views: 51.2ms | ActiveRecord: 0.0ms)


Started GET "/assets/projects.css?body=1" for 127.0.0.1 at 2016-05-29 18:54:00 +0200


Started GET "/assets/jquery.js?body=1" for 127.0.0.1 at 2016-05-29 18:54:00 +0200


Started GET "/assets/tasks.css?body=1" for 127.0.0.1 at 2016-05-29 18:54:00 +0200


Started GET "/assets/application.css?body=1" for 127.0.0.1 at 2016-05-29 18:54:00 +0200


Started GET "/assets/jquery_ujs.js?body=1" for 127.0.0.1 at 2016-05-29 18:54:00 +0200


Started GET "/assets/turbolinks.js?body=1" for 127.0.0.1 at 2016-05-29 18:54:00 +0200


Started GET "/assets/projects.js?body=1" for 127.0.0.1 at 2016-05-29 18:54:00 +0200


Started GET "/assets/tasks.js?body=1" for 127.0.0.1 at 2016-05-29 18:54:00 +0200


Started GET "/assets/application.js?body=1" for 127.0.0.1 at 2016-05-29 18:54:00 +0200


Started POST "/projects" for 127.0.0.1 at 2016-05-29 18:54:14 +0200
Processing by ProjectsController#create as HTML
  Parameters: {"utf8"=>"✓", "authenticity_token"=>"xO6qR12J/bTCQ0dfqmm4OZ4Mb/IljeB+jAKC8MyRx6Y=", "project"=>{"name"=>"Build a house", "tasks"=>"Build a house:300"}, "commit"=>"Create Project"}
  [1m[35m (0.2ms)[0m  begin transaction
  [1m[36mSQL (0.3ms)[0m  [1mINSERT INTO "projects" ("created_at", "name", "updated_at") VALUES (?, ?, ?)[0m  [["created_at", "2016-05-29 16:54:14.507167"], ["name", "Build a house"], ["updated_at", "2016-05-29 16:54:14.507167"]]
  [1m[35mSQL (0.2ms)[0m  INSERT INTO "tasks" ("created_at", "project_id", "size", "title", "updated_at") VALUES (?, ?, ?, ?, ?)  [["created_at", "2016-05-29 16:54:14.508874"], ["project_id", 4], ["size", 300], ["title", "Build a house"], ["updated_at", "2016-05-29 16:54:14.508874"]]
  [1m[36m (75.5ms)[0m  [1mcommit transaction[0m
Redirected to http://localhost:3000/projects
Completed 302 Found in 83ms (ActiveRecord: 76.2ms)


Started GET "/projects" for 127.0.0.1 at 2016-05-29 18:54:14 +0200
Processing by ProjectsController#index as HTML
  [1m[35mProject Load (0.4ms)[0m  SELECT "projects".* FROM "projects"
  [1m[36mTask Load (0.1ms)[0m  [1mSELECT "tasks".* FROM "tasks"  WHERE "tasks"."project_id" = ?[0m  [["project_id", 1]]
  [1m[35mTask Load (0.2ms)[0m  SELECT "tasks".* FROM "tasks"  WHERE "tasks"."project_id" = ?  [["project_id", 2]]
  [1m[36mTask Load (0.3ms)[0m  [1mSELECT "tasks".* FROM "tasks"  WHERE "tasks"."project_id" = ?[0m  [["project_id", 3]]
  [1m[35mTask Load (0.1ms)[0m  SELECT "tasks".* FROM "tasks"  WHERE "tasks"."project_id" = ?  [["project_id", 4]]
  Rendered projects/index.html.erb within layouts/application (7.7ms)
Completed 200 OK in 65ms (Views: 62.7ms | ActiveRecord: 1.1ms)


Started GET "/assets/projects.css?body=1" for 127.0.0.1 at 2016-05-29 18:54:14 +0200


Started GET "/assets/application.css?body=1" for 127.0.0.1 at 2016-05-29 18:54:14 +0200


Started GET "/assets/tasks.css?body=1" for 127.0.0.1 at 2016-05-29 18:54:14 +0200


Started GET "/assets/jquery.js?body=1" for 127.0.0.1 at 2016-05-29 18:54:14 +0200


Started GET "/assets/jquery_ujs.js?body=1" for 127.0.0.1 at 2016-05-29 18:54:14 +0200


Started GET "/assets/turbolinks.js?body=1" for 127.0.0.1 at 2016-05-29 18:54:14 +0200


Started GET "/assets/projects.js?body=1" for 127.0.0.1 at 2016-05-29 18:54:14 +0200


Started GET "/assets/tasks.js?body=1" for 127.0.0.1 at 2016-05-29 18:54:14 +0200


Started GET "/assets/application.js?body=1" for 127.0.0.1 at 2016-05-29 18:54:14 +0200
  [1m[36mProject Load (0.3ms)[0m  [1mSELECT  "projects".* FROM "projects"   ORDER BY "projects"."id" DESC LIMIT 1[0m
  [1m[35m (0.2ms)[0m  begin transaction
  [1m[36mSQL (0.4ms)[0m  [1mUPDATE "projects" SET "due_date" = ?, "updated_at" = ? WHERE "projects"."id" = 4[0m  [["due_date", "2016-05-30"], ["updated_at", "2016-05-29 16:54:42.211611"]]
  [1m[35m (15.3ms)[0m  commit transaction
  [1m[36mProject Load (0.4ms)[0m  [1mSELECT  "projects".* FROM "projects"   ORDER BY "projects"."id" DESC LIMIT 1[0m


Started GET "/projects" for 127.0.0.1 at 2016-05-29 18:54:47 +0200
Processing by ProjectsController#index as HTML
  [1m[36mProject Load (0.3ms)[0m  [1mSELECT "projects".* FROM "projects"[0m
  [1m[35mTask Load (0.1ms)[0m  SELECT "tasks".* FROM "tasks"  WHERE "tasks"."project_id" = ?  [["project_id", 1]]
  [1m[36mTask Load (0.1ms)[0m  [1mSELECT "tasks".* FROM "tasks"  WHERE "tasks"."project_id" = ?[0m  [["project_id", 2]]
  [1m[35mTask Load (0.1ms)[0m  SELECT "tasks".* FROM "tasks"  WHERE "tasks"."project_id" = ?  [["project_id", 3]]
  [1m[36mTask Load (0.1ms)[0m  [1mSELECT "tasks".* FROM "tasks"  WHERE "tasks"."project_id" = ?[0m  [["project_id", 4]]
  Rendered projects/index.html.erb within layouts/application (7.3ms)
Completed 200 OK in 52ms (Views: 50.9ms | ActiveRecord: 0.8ms)


Started GET "/assets/projects.css?body=1" for 127.0.0.1 at 2016-05-29 18:54:47 +0200


Started GET "/assets/application.css?body=1" for 127.0.0.1 at 2016-05-29 18:54:47 +0200


Started GET "/assets/turbolinks.js?body=1" for 127.0.0.1 at 2016-05-29 18:54:47 +0200


Started GET "/assets/jquery_ujs.js?body=1" for 127.0.0.1 at 2016-05-29 18:54:47 +0200


Started GET "/assets/jquery.js?body=1" for 127.0.0.1 at 2016-05-29 18:54:47 +0200


Started GET "/assets/tasks.css?body=1" for 127.0.0.1 at 2016-05-29 18:54:47 +0200


Started GET "/assets/application.js?body=1" for 127.0.0.1 at 2016-05-29 18:54:47 +0200


Started GET "/assets/tasks.js?body=1" for 127.0.0.1 at 2016-05-29 18:54:47 +0200


Started GET "/assets/projects.js?body=1" for 127.0.0.1 at 2016-05-29 18:54:47 +0200


Started GET "/assets/projects.css?body=1" for 127.0.0.1 at 2016-05-29 18:54:54 +0200


Started GET "/assets/tasks.css?body=1" for 127.0.0.1 at 2016-05-29 18:54:54 +0200


Started GET "/assets/application.css?body=1" for 127.0.0.1 at 2016-05-29 18:54:54 +0200
  [1m[36mActiveRecord::SchemaMigration Load (0.1ms)[0m  [1mSELECT "schema_migrations".* FROM "schema_migrations"[0m
  [1m[35mActiveRecord::SchemaMigration Load (0.1ms)[0m  SELECT "schema_migrations".* FROM "schema_migrations"
  [1m[36m (0.1ms)[0m  [1m            SELECT sql
            FROM sqlite_master
            WHERE name='index_tasks_on_project_id' AND type='index'
            UNION ALL
            SELECT sql
            FROM sqlite_temp_master
            WHERE name='index_tasks_on_project_id' AND type='index'
[0m


Started GET "/" for 127.0.0.1 at 2016-05-30 14:38:14 +0200
  [1m[36mActiveRecord::SchemaMigration Load (0.1ms)[0m  [1mSELECT "schema_migrations".* FROM "schema_migrations"[0m
Processing by Rails::WelcomeController#index as HTML
  Rendered /home/pbrych/.rvm/gems/ruby-2.3.0/gems/railties-4.1.15/lib/rails/templates/rails/welcome/index.html.erb (3.1ms)
Completed 200 OK in 31ms (Views: 19.4ms | ActiveRecord: 0.0ms)


Started GET "/projects" for 127.0.0.1 at 2016-05-30 14:38:19 +0200
Processing by ProjectsController#index as HTML
  [1m[35mProject Load (0.3ms)[0m  SELECT "projects".* FROM "projects"
  [1m[36mTask Load (0.2ms)[0m  [1mSELECT "tasks".* FROM "tasks"  WHERE "tasks"."project_id" = ?[0m  [["project_id", 1]]
  Rendered projects/index.html.erb within layouts/application (43.0ms)
Completed 500 Internal Server Error in 54ms (ActiveRecord: 1.6ms)

ActionView::Template::Error (comparison of Date with nil failed):
     9:   <tbody>
    10:     <% @projects.each do |project| %>
    11:       <tr class='project-row' id='<%= dom_id(project) %>'>
    12:         <td class='name'><%= name_with_status(project) %></td>
    13:         <td class='total-size'><%= project.total_size %></td>
    14:       </tr>
    15:     <% end %>
  app/models/project.rb:40:in `<='
  app/models/project.rb:40:in `on_schedule?'
  app/helpers/projects_helper.rb:4:in `name_with_status'
  app/views/projects/index.html.erb:12:in `block in _app_views_projects_index_html_erb__3808663602811502886_39949700'
  app/views/projects/index.html.erb:10:in `_app_views_projects_index_html_erb__3808663602811502886_39949700'


  Rendered /home/pbrych/.rvm/gems/ruby-2.3.0/gems/actionpack-4.1.15/lib/action_dispatch/middleware/templates/rescues/_trace.html.erb (1.7ms)
  Rendered /home/pbrych/.rvm/gems/ruby-2.3.0/gems/actionpack-4.1.15/lib/action_dispatch/middleware/templates/rescues/_request_and_response.html.erb (2.2ms)
  Rendered /home/pbrych/.rvm/gems/ruby-2.3.0/gems/actionpack-4.1.15/lib/action_dispatch/middleware/templates/rescues/template_error.html.erb within rescues/layout (21.4ms)
  [1m[36mProject Load (1.9ms)[0m  [1mSELECT "projects".* FROM "projects"[0m


Started GET "/projects" for 127.0.0.1 at 2016-05-30 14:41:41 +0200
Processing by ProjectsController#index as HTML
  [1m[35mProject Load (0.4ms)[0m  SELECT "projects".* FROM "projects"
  [1m[36mTask Load (0.4ms)[0m  [1mSELECT "tasks".* FROM "tasks"  WHERE "tasks"."project_id" = ?[0m  [["project_id", 1]]
  Rendered projects/index.html.erb within layouts/application (109348.3ms)
Completed 500 Internal Server Error in 109354ms (ActiveRecord: 2.2ms)

ActionView::Template::Error (comparison of Date with nil failed):
     9:   <tbody>
    10:     <% @projects.each do |project| %>
    11:       <tr class='project-row' id='<%= dom_id(project) %>'>
    12:         <td class='name'><%= name_with_status(project) %></td>
    13:         <td class='total-size'><%= project.total_size %></td>
    14:       </tr>
    15:     <% end %>
  app/models/project.rb:41:in `<='
  app/models/project.rb:41:in `on_schedule?'
  app/helpers/projects_helper.rb:4:in `name_with_status'
  app/views/projects/index.html.erb:12:in `block in _app_views_projects_index_html_erb__3808663602811502886_39949700'
  app/views/projects/index.html.erb:10:in `_app_views_projects_index_html_erb__3808663602811502886_39949700'


  Rendered /home/pbrych/.rvm/gems/ruby-2.3.0/gems/actionpack-4.1.15/lib/action_dispatch/middleware/templates/rescues/_trace.html.erb (2.0ms)
  Rendered /home/pbrych/.rvm/gems/ruby-2.3.0/gems/actionpack-4.1.15/lib/action_dispatch/middleware/templates/rescues/_request_and_response.html.erb (1.7ms)
  Rendered /home/pbrych/.rvm/gems/ruby-2.3.0/gems/actionpack-4.1.15/lib/action_dispatch/middleware/templates/rescues/template_error.html.erb within rescues/layout (17.9ms)


Started GET "/projects" for 127.0.0.1 at 2016-05-30 14:43:36 +0200
Processing by ProjectsController#index as HTML
  [1m[35mProject Load (0.4ms)[0m  SELECT "projects".* FROM "projects"
  [1m[36mTask Load (0.3ms)[0m  [1mSELECT "tasks".* FROM "tasks"  WHERE "tasks"."project_id" = ?[0m  [["project_id", 1]]
  [1m[35mTask Load (0.1ms)[0m  SELECT "tasks".* FROM "tasks"  WHERE "tasks"."project_id" = ?  [["project_id", 2]]
  [1m[36mTask Load (0.1ms)[0m  [1mSELECT "tasks".* FROM "tasks"  WHERE "tasks"."project_id" = ?[0m  [["project_id", 3]]
  Rendered projects/index.html.erb within layouts/application (27.5ms)
Completed 500 Internal Server Error in 32ms (ActiveRecord: 1.9ms)

ActionView::Template::Error (Infinity):
     9:   <tbody>
    10:     <% @projects.each do |project| %>
    11:       <tr class='project-row' id='<%= dom_id(project) %>'>
    12:         <td class='name'><%= name_with_status(project) %></td>
    13:         <td class='total-size'><%= project.total_size %></td>
    14:       </tr>
    15:     <% end %>
  app/models/project.rb:40:in `on_schedule?'
  app/helpers/projects_helper.rb:4:in `name_with_status'
  app/views/projects/index.html.erb:12:in `block in _app_views_projects_index_html_erb__3808663602811502886_39949700'
  app/views/projects/index.html.erb:10:in `_app_views_projects_index_html_erb__3808663602811502886_39949700'


  Rendered /home/pbrych/.rvm/gems/ruby-2.3.0/gems/actionpack-4.1.15/lib/action_dispatch/middleware/templates/rescues/_trace.html.erb (1.6ms)
  Rendered /home/pbrych/.rvm/gems/ruby-2.3.0/gems/actionpack-4.1.15/lib/action_dispatch/middleware/templates/rescues/_request_and_response.html.erb (1.0ms)
  Rendered /home/pbrych/.rvm/gems/ruby-2.3.0/gems/actionpack-4.1.15/lib/action_dispatch/middleware/templates/rescues/template_error.html.erb within rescues/layout (12.7ms)


Started GET "/projects" for 127.0.0.1 at 2016-05-30 14:44:57 +0200
Processing by ProjectsController#index as HTML
  [1m[35mProject Load (0.4ms)[0m  SELECT "projects".* FROM "projects"
  [1m[36mTask Load (0.3ms)[0m  [1mSELECT "tasks".* FROM "tasks"  WHERE "tasks"."project_id" = ?[0m  [["project_id", 1]]
  [1m[35mTask Load (0.6ms)[0m  SELECT "tasks".* FROM "tasks"  WHERE "tasks"."project_id" = ?  [["project_id", 2]]
  [1m[36mTask Load (0.7ms)[0m  [1mSELECT "tasks".* FROM "tasks"  WHERE "tasks"."project_id" = ?[0m  [["project_id", 3]]
  [1m[35m (0.3ms)[0m  SELECT COUNT(*) FROM "projects"
  Rendered projects/index.html.erb within layouts/application (207837.3ms)
Completed 500 Internal Server Error in 207842ms (ActiveRecord: 3.3ms)

ActionView::Template::Error (Infinity):
     9:   <tbody>
    10:     <% @projects.each do |project| %>
    11:       <tr class='project-row' id='<%= dom_id(project) %>'>
    12:         <td class='name'><%= name_with_status(project) %></td>
    13:         <td class='total-size'><%= project.total_size %></td>
    14:       </tr>
    15:     <% end %>
  app/models/project.rb:40:in `on_schedule?'
  app/helpers/projects_helper.rb:5:in `name_with_status'
  app/views/projects/index.html.erb:12:in `block in _app_views_projects_index_html_erb__3808663602811502886_39949700'
  app/views/projects/index.html.erb:10:in `_app_views_projects_index_html_erb__3808663602811502886_39949700'


  Rendered /home/pbrych/.rvm/gems/ruby-2.3.0/gems/actionpack-4.1.15/lib/action_dispatch/middleware/templates/rescues/_trace.html.erb (2.5ms)
  Rendered /home/pbrych/.rvm/gems/ruby-2.3.0/gems/actionpack-4.1.15/lib/action_dispatch/middleware/templates/rescues/_request_and_response.html.erb (1.5ms)
  Rendered /home/pbrych/.rvm/gems/ruby-2.3.0/gems/actionpack-4.1.15/lib/action_dispatch/middleware/templates/rescues/template_error.html.erb within rescues/layout (23.0ms)


Started GET "/projects" for 127.0.0.1 at 2016-05-30 14:48:55 +0200
Processing by ProjectsController#index as HTML
  [1m[36mProject Load (0.2ms)[0m  [1mSELECT "projects".* FROM "projects"[0m
  [1m[35mTask Load (0.2ms)[0m  SELECT "tasks".* FROM "tasks"  WHERE "tasks"."project_id" = ?  [["project_id", 1]]
  [1m[36mTask Load (0.2ms)[0m  [1mSELECT "tasks".* FROM "tasks"  WHERE "tasks"."project_id" = ?[0m  [["project_id", 2]]
  [1m[35mTask Load (0.2ms)[0m  SELECT "tasks".* FROM "tasks"  WHERE "tasks"."project_id" = ?  [["project_id", 3]]
  Rendered projects/index.html.erb within layouts/application (10075.6ms)
Completed 500 Internal Server Error in 10079ms (ActiveRecord: 0.9ms)

ActionView::Template::Error (Infinity):
     9:   <tbody>
    10:     <% @projects.each do |project| %>
    11:       <tr class='project-row' id='<%= dom_id(project) %>'>
    12:         <td class='name'><%= name_with_status(project) %></td>
    13:         <td class='total-size'><%= project.total_size %></td>
    14:       </tr>
    15:     <% end %>
  app/models/project.rb:40:in `on_schedule?'
  app/helpers/projects_helper.rb:5:in `name_with_status'
  app/views/projects/index.html.erb:12:in `block in _app_views_projects_index_html_erb__3808663602811502886_39949700'
  app/views/projects/index.html.erb:10:in `_app_views_projects_index_html_erb__3808663602811502886_39949700'


  Rendered /home/pbrych/.rvm/gems/ruby-2.3.0/gems/actionpack-4.1.15/lib/action_dispatch/middleware/templates/rescues/_trace.html.erb (2.3ms)
  Rendered /home/pbrych/.rvm/gems/ruby-2.3.0/gems/actionpack-4.1.15/lib/action_dispatch/middleware/templates/rescues/_request_and_response.html.erb (1.5ms)
  Rendered /home/pbrych/.rvm/gems/ruby-2.3.0/gems/actionpack-4.1.15/lib/action_dispatch/middleware/templates/rescues/template_error.html.erb within rescues/layout (20.3ms)


Started GET "/projects" for 127.0.0.1 at 2016-05-30 14:49:10 +0200
Processing by ProjectsController#index as HTML
  [1m[36mProject Load (0.3ms)[0m  [1mSELECT "projects".* FROM "projects"[0m
  [1m[35mTask Load (0.2ms)[0m  SELECT "tasks".* FROM "tasks"  WHERE "tasks"."project_id" = ?  [["project_id", 1]]
  [1m[36mTask Load (0.2ms)[0m  [1mSELECT "tasks".* FROM "tasks"  WHERE "tasks"."project_id" = ?[0m  [["project_id", 2]]
  [1m[35mTask Load (0.7ms)[0m  SELECT "tasks".* FROM "tasks"  WHERE "tasks"."project_id" = ?  [["project_id", 3]]
  Rendered projects/index.html.erb within layouts/application (157885.9ms)
Completed 500 Internal Server Error in 157888ms (ActiveRecord: 1.5ms)

ActionView::Template::Error (Infinity):
     9:   <tbody>
    10:     <% @projects.each do |project| %>
    11:       <tr class='project-row' id='<%= dom_id(project) %>'>
    12:         <td class='name'><%= name_with_status(project) %></td>
    13:         <td class='total-size'><%= project.total_size %></td>
    14:       </tr>
    15:     <% end %>
  app/models/project.rb:40:in `on_schedule?'
  app/helpers/projects_helper.rb:5:in `name_with_status'
  app/views/projects/index.html.erb:12:in `block in _app_views_projects_index_html_erb__3808663602811502886_39949700'
  app/views/projects/index.html.erb:10:in `_app_views_projects_index_html_erb__3808663602811502886_39949700'


  Rendered /home/pbrych/.rvm/gems/ruby-2.3.0/gems/actionpack-4.1.15/lib/action_dispatch/middleware/templates/rescues/_trace.html.erb (2.8ms)
  Rendered /home/pbrych/.rvm/gems/ruby-2.3.0/gems/actionpack-4.1.15/lib/action_dispatch/middleware/templates/rescues/_request_and_response.html.erb (1.5ms)
  Rendered /home/pbrych/.rvm/gems/ruby-2.3.0/gems/actionpack-4.1.15/lib/action_dispatch/middleware/templates/rescues/template_error.html.erb within rescues/layout (21.2ms)


Started GET "/projects" for 127.0.0.1 at 2016-05-30 14:51:52 +0200
Processing by ProjectsController#index as HTML
  [1m[36mProject Load (0.3ms)[0m  [1mSELECT "projects".* FROM "projects"[0m
  [1m[35mTask Load (0.2ms)[0m  SELECT "tasks".* FROM "tasks"  WHERE "tasks"."project_id" = ?  [["project_id", 1]]
  [1m[36mTask Load (0.3ms)[0m  [1mSELECT "tasks".* FROM "tasks"  WHERE "tasks"."project_id" = ?[0m  [["project_id", 2]]
  [1m[35mTask Load (0.3ms)[0m  SELECT "tasks".* FROM "tasks"  WHERE "tasks"."project_id" = ?  [["project_id", 3]]
  Rendered projects/index.html.erb within layouts/application (157738.3ms)
Completed 500 Internal Server Error in 157742ms (ActiveRecord: 1.1ms)

ActionView::Template::Error (Infinity):
     9:   <tbody>
    10:     <% @projects.each do |project| %>
    11:       <tr class='project-row' id='<%= dom_id(project) %>'>
    12:         <td class='name'><%= name_with_status(project) %></td>
    13:         <td class='total-size'><%= project.total_size %></td>
    14:       </tr>
    15:     <% end %>
  app/models/project.rb:40:in `on_schedule?'
  app/helpers/projects_helper.rb:5:in `name_with_status'
  app/views/projects/index.html.erb:12:in `block in _app_views_projects_index_html_erb__3808663602811502886_39949700'
  app/views/projects/index.html.erb:10:in `_app_views_projects_index_html_erb__3808663602811502886_39949700'


  Rendered /home/pbrych/.rvm/gems/ruby-2.3.0/gems/actionpack-4.1.15/lib/action_dispatch/middleware/templates/rescues/_trace.html.erb (2.7ms)
  Rendered /home/pbrych/.rvm/gems/ruby-2.3.0/gems/actionpack-4.1.15/lib/action_dispatch/middleware/templates/rescues/_request_and_response.html.erb (1.9ms)
  Rendered /home/pbrych/.rvm/gems/ruby-2.3.0/gems/actionpack-4.1.15/lib/action_dispatch/middleware/templates/rescues/template_error.html.erb within rescues/layout (21.0ms)


Started GET "/projects" for 127.0.0.1 at 2016-05-30 14:54:33 +0200
Processing by ProjectsController#index as HTML
  [1m[36mProject Load (0.6ms)[0m  [1mSELECT "projects".* FROM "projects"[0m
  [1m[35mTask Load (0.4ms)[0m  SELECT "tasks".* FROM "tasks"  WHERE "tasks"."project_id" = ?  [["project_id", 1]]
  Rendered projects/index.html.erb within layouts/application (6743.2ms)
Completed 500 Internal Server Error in 6749ms (ActiveRecord: 2.6ms)

ActionView::Template::Error (undefined method `infinity?' for 0.047619047619047616:Float
Did you mean?  infinite?):
     9:   <tbody>
    10:     <% @projects.each do |project| %>
    11:       <tr class='project-row' id='<%= dom_id(project) %>'>
    12:         <td class='name'><%= name_with_status(project) %></td>
    13:         <td class='total-size'><%= project.total_size %></td>
    14:       </tr>
    15:     <% end %>
  app/models/project.rb:35:in `projected_days_remaining'
  app/models/project.rb:40:in `on_schedule?'
  app/helpers/projects_helper.rb:5:in `name_with_status'
  app/views/projects/index.html.erb:12:in `block in _app_views_projects_index_html_erb__3808663602811502886_39949700'
  app/views/projects/index.html.erb:10:in `_app_views_projects_index_html_erb__3808663602811502886_39949700'


  Rendered /home/pbrych/.rvm/gems/ruby-2.3.0/gems/actionpack-4.1.15/lib/action_dispatch/middleware/templates/rescues/_trace.html.erb (1.8ms)
  Rendered /home/pbrych/.rvm/gems/ruby-2.3.0/gems/actionpack-4.1.15/lib/action_dispatch/middleware/templates/rescues/_request_and_response.html.erb (1.2ms)
  Rendered /home/pbrych/.rvm/gems/ruby-2.3.0/gems/actionpack-4.1.15/lib/action_dispatch/middleware/templates/rescues/template_error.html.erb within rescues/layout (17.0ms)


Started GET "/projects" for 127.0.0.1 at 2016-05-30 14:55:54 +0200
Processing by ProjectsController#index as HTML
  [1m[36mProject Load (0.4ms)[0m  [1mSELECT "projects".* FROM "projects"[0m
  [1m[35mTask Load (0.4ms)[0m  SELECT "tasks".* FROM "tasks"  WHERE "tasks"."project_id" = ?  [["project_id", 1]]
  [1m[36mTask Load (0.2ms)[0m  [1mSELECT "tasks".* FROM "tasks"  WHERE "tasks"."project_id" = ?[0m  [["project_id", 2]]
  [1m[35mTask Load (0.2ms)[0m  SELECT "tasks".* FROM "tasks"  WHERE "tasks"."project_id" = ?  [["project_id", 3]]
  Rendered projects/index.html.erb within layouts/application (4259.7ms)
Completed 500 Internal Server Error in 4265ms (ActiveRecord: 2.7ms)

ActionView::Template::Error (Infinity):
     9:   <tbody>
    10:     <% @projects.each do |project| %>
    11:       <tr class='project-row' id='<%= dom_id(project) %>'>
    12:         <td class='name'><%= name_with_status(project) %></td>
    13:         <td class='total-size'><%= project.total_size %></td>
    14:       </tr>
    15:     <% end %>
  app/models/project.rb:41:in `on_schedule?'
  app/helpers/projects_helper.rb:5:in `name_with_status'
  app/views/projects/index.html.erb:12:in `block in _app_views_projects_index_html_erb__3808663602811502886_39949700'
  app/views/projects/index.html.erb:10:in `_app_views_projects_index_html_erb__3808663602811502886_39949700'


  Rendered /home/pbrych/.rvm/gems/ruby-2.3.0/gems/actionpack-4.1.15/lib/action_dispatch/middleware/templates/rescues/_trace.html.erb (1.9ms)
  Rendered /home/pbrych/.rvm/gems/ruby-2.3.0/gems/actionpack-4.1.15/lib/action_dispatch/middleware/templates/rescues/_request_and_response.html.erb (2.7ms)
  Rendered /home/pbrych/.rvm/gems/ruby-2.3.0/gems/actionpack-4.1.15/lib/action_dispatch/middleware/templates/rescues/template_error.html.erb within rescues/layout (20.7ms)
  [1m[35mProject Load (0.4ms)[0m  SELECT  "projects".* FROM "projects"   ORDER BY "projects"."id" ASC LIMIT 1 OFFSET 2
  [1m[36mTask Load (0.4ms)[0m  [1mSELECT "tasks".* FROM "tasks"  WHERE "tasks"."project_id" = ?[0m  [["project_id", 3]]
  [1m[35mProject Load (0.4ms)[0m  SELECT  "projects".* FROM "projects"   ORDER BY "projects"."id" ASC LIMIT 1 OFFSET 2
  [1m[36mTask Load (0.2ms)[0m  [1mSELECT "tasks".* FROM "tasks"  WHERE "tasks"."project_id" = ?[0m  [["project_id", 3]]
  [1m[35mProject Load (0.4ms)[0m  SELECT  "projects".* FROM "projects"   ORDER BY "projects"."id" ASC LIMIT 1 OFFSET 2
  [1m[36mTask Load (0.2ms)[0m  [1mSELECT "tasks".* FROM "tasks"  WHERE "tasks"."project_id" = ?[0m  [["project_id", 3]]
  [1m[36mProject Load (0.3ms)[0m  [1mSELECT  "projects".* FROM "projects"   ORDER BY "projects"."id" ASC LIMIT 1 OFFSET 2[0m
  [1m[35mTask Load (0.3ms)[0m  SELECT "tasks".* FROM "tasks"  WHERE "tasks"."project_id" = ?  [["project_id", 3]]
  [1m[36mProject Load (0.4ms)[0m  [1mSELECT  "projects".* FROM "projects"   ORDER BY "projects"."id" ASC LIMIT 1 OFFSET 2[0m
  [1m[35mTask Load (0.2ms)[0m  SELECT "tasks".* FROM "tasks"  WHERE "tasks"."project_id" = ?  [["project_id", 3]]
  [1m[36mProject Load (0.2ms)[0m  [1mSELECT  "projects".* FROM "projects"   ORDER BY "projects"."id" ASC LIMIT 1 OFFSET 2[0m
  [1m[35mTask Load (0.3ms)[0m  SELECT "tasks".* FROM "tasks"  WHERE "tasks"."project_id" = ?  [["project_id", 3]]
  [1m[36mProject Load (0.4ms)[0m  [1mSELECT  "projects".* FROM "projects"   ORDER BY "projects"."id" ASC LIMIT 1 OFFSET 2[0m
  [1m[35mTask Load (0.2ms)[0m  SELECT "tasks".* FROM "tasks"  WHERE "tasks"."project_id" = ?  [["project_id", 3]]
  [1m[36mProject Load (0.4ms)[0m  [1mSELECT  "projects".* FROM "projects"   ORDER BY "projects"."id" ASC LIMIT 1 OFFSET 2[0m
  [1m[35mTask Load (0.1ms)[0m  SELECT "tasks".* FROM "tasks"  WHERE "tasks"."project_id" = ?  [["project_id", 3]]
  [1m[36mProject Load (0.2ms)[0m  [1mSELECT  "projects".* FROM "projects"   ORDER BY "projects"."id" ASC LIMIT 1 OFFSET 2[0m
  [1m[35mTask Load (0.3ms)[0m  SELECT "tasks".* FROM "tasks"  WHERE "tasks"."project_id" = ?  [["project_id", 3]]
  [1m[36mProject Load (0.4ms)[0m  [1mSELECT  "projects".* FROM "projects"   ORDER BY "projects"."id" ASC LIMIT 1 OFFSET 2[0m
  [1m[35mTask Load (0.2ms)[0m  SELECT "tasks".* FROM "tasks"  WHERE "tasks"."project_id" = ?  [["project_id", 3]]


Started GET "/projects" for 127.0.0.1 at 2016-05-30 15:04:23 +0200
Processing by ProjectsController#index as HTML
  [1m[36mProject Load (0.4ms)[0m  [1mSELECT "projects".* FROM "projects"[0m
  [1m[35mTask Load (0.3ms)[0m  SELECT "tasks".* FROM "tasks"  WHERE "tasks"."project_id" = ?  [["project_id", 1]]
  [1m[36mTask Load (0.1ms)[0m  [1mSELECT "tasks".* FROM "tasks"  WHERE "tasks"."project_id" = ?[0m  [["project_id", 2]]
  [1m[35mTask Load (0.1ms)[0m  SELECT "tasks".* FROM "tasks"  WHERE "tasks"."project_id" = ?  [["project_id", 3]]
  [1m[36mTask Load (0.1ms)[0m  [1mSELECT "tasks".* FROM "tasks"  WHERE "tasks"."project_id" = ?[0m  [["project_id", 4]]
  Rendered projects/index.html.erb within layouts/application (22.2ms)
Completed 200 OK in 667ms (Views: 661.6ms | ActiveRecord: 2.1ms)


Started GET "/assets/projects.css?body=1" for 127.0.0.1 at 2016-05-30 15:04:24 +0200


Started GET "/assets/tasks.css?body=1" for 127.0.0.1 at 2016-05-30 15:04:24 +0200


Started GET "/assets/turbolinks.js?body=1" for 127.0.0.1 at 2016-05-30 15:04:24 +0200


Started GET "/assets/jquery.js?body=1" for 127.0.0.1 at 2016-05-30 15:04:24 +0200


Started GET "/assets/application.css?body=1" for 127.0.0.1 at 2016-05-30 15:04:24 +0200


Started GET "/assets/jquery_ujs.js?body=1" for 127.0.0.1 at 2016-05-30 15:04:24 +0200


Started GET "/assets/projects.js?body=1" for 127.0.0.1 at 2016-05-30 15:04:24 +0200


Started GET "/assets/tasks.js?body=1" for 127.0.0.1 at 2016-05-30 15:04:24 +0200


Started GET "/assets/application.js?body=1" for 127.0.0.1 at 2016-05-30 15:04:24 +0200
  [1m[36mActiveRecord::SchemaMigration Load (0.1ms)[0m  [1mSELECT "schema_migrations".* FROM "schema_migrations"[0m
Migrating to DeviseCreateUsers (20160530165905)
  [1m[35m (0.1ms)[0m  begin transaction
  [1m[36m (0.3ms)[0m  [1mCREATE TABLE "users" ("id" INTEGER PRIMARY KEY AUTOINCREMENT NOT NULL, "email" varchar(255) DEFAULT '' NOT NULL, "encrypted_password" varchar(255) DEFAULT '' NOT NULL, "reset_password_token" varchar(255), "reset_password_sent_at" datetime, "remember_created_at" datetime, "sign_in_count" integer DEFAULT 0 NOT NULL, "current_sign_in_at" datetime, "last_sign_in_at" datetime, "current_sign_in_ip" varchar(255), "last_sign_in_ip" varchar(255), "created_at" datetime NOT NULL, "updated_at" datetime NOT NULL) [0m
  [1m[35m (0.1ms)[0m  select sqlite_version(*)
  [1m[36m (0.2ms)[0m  [1mCREATE UNIQUE INDEX "index_users_on_email" ON "users" ("email")[0m
  [1m[35m (0.1ms)[0m              SELECT sql
            FROM sqlite_master
            WHERE name='index_users_on_email' AND type='index'
            UNION ALL
            SELECT sql
            FROM sqlite_temp_master
            WHERE name='index_users_on_email' AND type='index'

  [1m[36m (0.1ms)[0m  [1mCREATE UNIQUE INDEX "index_users_on_reset_password_token" ON "users" ("reset_password_token")[0m
  [1m[35mSQL (0.1ms)[0m  INSERT INTO "schema_migrations" ("version") VALUES (?)  [["version", "20160530165905"]]
  [1m[36m (24.9ms)[0m  [1mcommit transaction[0m
  [1m[35mActiveRecord::SchemaMigration Load (0.2ms)[0m  SELECT "schema_migrations".* FROM "schema_migrations"
  [1m[36m (0.2ms)[0m  [1m            SELECT sql
            FROM sqlite_master
            WHERE name='index_tasks_on_project_id' AND type='index'
            UNION ALL
            SELECT sql
            FROM sqlite_temp_master
            WHERE name='index_tasks_on_project_id' AND type='index'
[0m
  [1m[35m (0.2ms)[0m              SELECT sql
            FROM sqlite_master
            WHERE name='index_users_on_reset_password_token' AND type='index'
            UNION ALL
            SELECT sql
            FROM sqlite_temp_master
            WHERE name='index_users_on_reset_password_token' AND type='index'

  [1m[36m (0.2ms)[0m  [1m            SELECT sql
            FROM sqlite_master
            WHERE name='index_users_on_email' AND type='index'
            UNION ALL
            SELECT sql
            FROM sqlite_temp_master
            WHERE name='index_users_on_email' AND type='index'
[0m
